# JRE version: Java(TM) SE Runtime Environment (18.0.1.1+2) (build 18.0.1.1+2-6)
# Java VM: Java HotSpot(TM) 64-Bit Server VM (18.0.1.1+2-6, mixed mode, sharing, tiered, compressed oops, compressed class ptrs, g1 gc, bsd-amd64)
GC Precious Log:
 CardTable entry size: 512
 Card Set container configuration: InlinePtr #cards 5 size 8 Array Of Cards #cards 12 size 40 Howl #buckets 4 coarsen threshold 1843 Howl Bitmap #cards 512 size 80 coarsen threshold 460 Card regions per heap region 1 cards per card region 2048
 CPUs: 4 total, 4 available
 Memory: 8192M
 Large Page Support: Disabled
 NUMA Support: Disabled
 Compressed Oops: Enabled (Zero based)
 Heap Region Size: 1M
 Heap Min Capacity: 8M
 Heap Initial Capacity: 128M
 Heap Max Capacity: 2G
 Pre-touch: Disabled
 Parallel Workers: 4
 Concurrent Workers: 1
 Concurrent Refinement Workers: 4
 Periodic GC: Disabled
Heap:
 garbage-first heap   total 70656K, used 34618K [0x0000000780000000, 0x0000000800000000)
  region size 1024K, 3 young (3072K), 2 survivors (2048K)
 Metaspace       used 64990K, committed 65600K, reserved 1114112K
  class space    used 7650K, committed 7936K, reserved 1048576K
GC Heap History (20 events):
Event: 66268.125 GC heap before
{Heap before GC invocations=79 (full 0):
 garbage-first heap   total 70656K, used 55896K [0x0000000780000000, 0x0000000800000000)
  region size 1024K, 24 young (24576K), 1 survivors (1024K)
 Metaspace       used 64937K, committed 65472K, reserved 1114112K
  class space    used 7655K, committed 7936K, reserved 1048576K
}
Event: 66268.199 GC heap after
{Heap after GC invocations=80 (full 0):
 garbage-first heap   total 70656K, used 34083K [0x0000000780000000, 0x0000000800000000)
  region size 1024K, 2 young (2048K), 2 survivors (2048K)
 Metaspace       used 64937K, committed 65472K, reserved 1114112K
  class space    used 7655K, committed 7936K, reserved 1048576K
}
Event: 69125.418 GC heap before
{Heap before GC invocations=81 (full 0):
 garbage-first heap   total 70656K, used 56611K [0x0000000780000000, 0x0000000800000000)
  region size 1024K, 24 young (24576K), 2 survivors (2048K)
 Metaspace       used 65004K, committed 65600K, reserved 1114112K
  class space    used 7666K, committed 7936K, reserved 1048576K
}
Event: 69125.463 GC heap after
{Heap after GC invocations=82 (full 0):
 garbage-first heap   total 70656K, used 34454K [0x0000000780000000, 0x0000000800000000)
  region size 1024K, 2 young (2048K), 2 survivors (2048K)
 Metaspace       used 65004K, committed 65600K, reserved 1114112K
  class space    used 7666K, committed 7936K, reserved 1048576K
}
Event: 69203.663 GC heap before
{Heap before GC invocations=82 (full 0):
 garbage-first heap   total 70656K, used 35478K [0x0000000780000000, 0x0000000800000000)
  region size 1024K, 3 young (3072K), 2 survivors (2048K)
 Metaspace       used 65005K, committed 65600K, reserved 1114112K
  class space    used 7666K, committed 7936K, reserved 1048576K
}
Event: 69203.772 GC heap after
{Heap after GC invocations=83 (full 0):
 garbage-first heap   total 70656K, used 33754K [0x0000000780000000, 0x0000000800000000)
  region size 1024K, 1 young (1024K), 1 survivors (1024K)
 Metaspace       used 65005K, committed 65600K, reserved 1114112K
  class space    used 7666K, committed 7936K, reserved 1048576K
}
Event: 71912.096 GC heap before
{Heap before GC invocations=83 (full 0):
 garbage-first heap   total 70656K, used 57306K [0x0000000780000000, 0x0000000800000000)
  region size 1024K, 24 young (24576K), 1 survivors (1024K)
 Metaspace       used 65011K, committed 65600K, reserved 1114112K
  class space    used 7668K, committed 7936K, reserved 1048576K
}
Event: 71912.164 GC heap after
{Heap after GC invocations=84 (full 0):
 garbage-first heap   total 70656K, used 34303K [0x0000000780000000, 0x0000000800000000)
  region size 1024K, 1 young (1024K), 1 survivors (1024K)
 Metaspace       used 65011K, committed 65600K, reserved 1114112K
  class space    used 7668K, committed 7936K, reserved 1048576K
}
Event: 74737.057 GC heap before
{Heap before GC invocations=85 (full 0):
 garbage-first heap   total 70656K, used 57855K [0x0000000780000000, 0x0000000800000000)
  region size 1024K, 24 young (24576K), 1 survivors (1024K)
 Metaspace       used 64948K, committed 65600K, reserved 1114112K
  class space    used 7651K, committed 7936K, reserved 1048576K
}
Event: 74737.085 GC heap after
{Heap after GC invocations=86 (full 0):
 garbage-first heap   total 70656K, used 34872K [0x0000000780000000, 0x0000000800000000)
  region size 1024K, 2 young (2048K), 2 survivors (2048K)
 Metaspace       used 64948K, committed 65600K, reserved 1114112K
  class space    used 7651K, committed 7936K, reserved 1048576K
}
Event: 74914.864 GC heap before
{Heap before GC invocations=86 (full 0):
 garbage-first heap   total 70656K, used 35896K [0x0000000780000000, 0x0000000800000000)
  region size 1024K, 3 young (3072K), 2 survivors (2048K)
 Metaspace       used 64948K, committed 65600K, reserved 1114112K
  class space    used 7651K, committed 7936K, reserved 1048576K
}
Event: 74914.978 GC heap after
{Heap after GC invocations=87 (full 0):
 garbage-first heap   total 70656K, used 34209K [0x0000000780000000, 0x0000000800000000)
  region size 1024K, 1 young (1024K), 1 survivors (1024K)
 Metaspace       used 64948K, committed 65600K, reserved 1114112K
  class space    used 7651K, committed 7936K, reserved 1048576K
}
Event: 77884.368 GC heap before
{Heap before GC invocations=87 (full 0):
 garbage-first heap   total 70656K, used 55713K [0x0000000780000000, 0x0000000800000000)
  region size 1024K, 23 young (23552K), 1 survivors (1024K)
 Metaspace       used 64965K, committed 65600K, reserved 1114112K
  class space    used 7652K, committed 7936K, reserved 1048576K
}
Event: 77884.477 GC heap after
{Heap after GC invocations=88 (full 0):
 garbage-first heap   total 70656K, used 35049K [0x0000000780000000, 0x0000000800000000)
  region size 1024K, 2 young (2048K), 2 survivors (2048K)
 Metaspace       used 64965K, committed 65600K, reserved 1114112K
  class space    used 7652K, committed 7936K, reserved 1048576K
}
Event: 80675.723 GC heap before
{Heap before GC invocations=89 (full 0):
 garbage-first heap   total 70656K, used 55529K [0x0000000780000000, 0x0000000800000000)
  region size 1024K, 23 young (23552K), 2 survivors (2048K)
 Metaspace       used 65045K, committed 65600K, reserved 1114112K
  class space    used 7667K, committed 7936K, reserved 1048576K
}
Event: 80675.774 GC heap after
{Heap after GC invocations=90 (full 0):
 garbage-first heap   total 70656K, used 35204K [0x0000000780000000, 0x0000000800000000)
  region size 1024K, 2 young (2048K), 2 survivors (2048K)
 Metaspace       used 65045K, committed 65600K, reserved 1114112K
  class space    used 7667K, committed 7936K, reserved 1048576K
}
Event: 80675.953 GC heap before
{Heap before GC invocations=90 (full 0):
 garbage-first heap   total 70656K, used 36228K [0x0000000780000000, 0x0000000800000000)
  region size 1024K, 3 young (3072K), 2 survivors (2048K)
 Metaspace       used 65045K, committed 65600K, reserved 1114112K
  class space    used 7667K, committed 7936K, reserved 1048576K
}
Event: 80676.043 GC heap after
{Heap after GC invocations=91 (full 0):
 garbage-first heap   total 70656K, used 33844K [0x0000000780000000, 0x0000000800000000)
  region size 1024K, 1 young (1024K), 1 survivors (1024K)
 Metaspace       used 65045K, committed 65600K, reserved 1114112K
  class space    used 7667K, committed 7936K, reserved 1048576K
}
Event: 83828.294 GC heap before
{Heap before GC invocations=91 (full 0):
 garbage-first heap   total 70656K, used 57396K [0x0000000780000000, 0x0000000800000000)
  region size 1024K, 24 young (24576K), 1 survivors (1024K)
 Metaspace       used 65066K, committed 65600K, reserved 1114112K
  class space    used 7668K, committed 7936K, reserved 1048576K
}
Event: 83828.374 GC heap after
{Heap after GC invocations=92 (full 0):
 garbage-first heap   total 70656K, used 34618K [0x0000000780000000, 0x0000000800000000)
  region size 1024K, 2 young (2048K), 2 survivors (2048K)
 Metaspace       used 65066K, committed 65600K, reserved 1114112K
  class space    used 7668K, committed 7936K, reserved 1048576K
}

